[debug] [2025-07-14T13:48:04.030Z] [Firebase Plugin] Activating Firebase extension.
[debug] [2025-07-14T13:48:07.426Z] [Firebase Plugin] requireAuthWrapper
[debug] [2025-07-14T13:48:07.430Z] > command requires scopes: ["email","openid","https://www.googleapis.com/auth/cloudplatformprojects.readonly","https://www.googleapis.com/auth/firebase","https://www.googleapis.com/auth/cloud-platform"]
[debug] [2025-07-14T13:48:07.431Z] > authorizing via signed-in user (qualitedelaircoton@gmail.com)
[debug] [2025-07-14T13:48:07.439Z] Checked if tokens are valid: false, expires at: 1752482553787
[debug] [2025-07-14T13:48:07.440Z] Checked if tokens are valid: false, expires at: 1752482553787
[debug] [2025-07-14T13:48:07.441Z] > refreshing access token with scopes: []
[debug] [2025-07-14T13:48:07.445Z] >>> [apiv2][query] POST https://www.googleapis.com/oauth2/v3/token [none]
[debug] [2025-07-14T13:48:07.446Z] >>> [apiv2][body] POST https://www.googleapis.com/oauth2/v3/token [omitted]
[debug] [2025-07-14T13:48:07.480Z] [Firebase Plugin] VSCode notification server listening on port 40001
[info] [Firebase Plugin] Starting Data Connect toolkit (version 2.8.0) on port 50001
[info] i  dataconnect: downloading dataconnect-emulator-2.8.0.exe... {"metadata":{"emulator":{"name":"dataconnect"},"message":"downloading dataconnect-emulator-2.8.0.exe..."}}
[debug] [2025-07-14T13:48:08.441Z] >>> [apiv2][query] GET https://storage.googleapis.com/firemat-preview-drop/emulator/dataconnect-emulator-windows-v2.8.0 
[debug] [2025-07-14T13:48:09.027Z] <<< [apiv2][status] POST https://www.googleapis.com/oauth2/v3/token 200
[debug] [2025-07-14T13:48:09.028Z] <<< [apiv2][body] POST https://www.googleapis.com/oauth2/v3/token [omitted]
[debug] [2025-07-14T13:48:09.123Z] [Firebase Plugin] User found:  qualitedelaircoton@gmail.com
[info] [Firebase Plugin] (Core:Project) New user detected, fetching projects
[debug] [2025-07-14T13:48:09.126Z] Checked if tokens are valid: true, expires at: 1752504488029
[debug] [2025-07-14T13:48:09.128Z] >>> [apiv2][query] GET https://firebase.googleapis.com/v1beta1/projects pageSize=1000
[debug] [2025-07-14T13:48:09.283Z] <<< [apiv2][status] GET https://storage.googleapis.com/firemat-preview-drop/emulator/dataconnect-emulator-windows-v2.8.0 200
[debug] [2025-07-14T13:48:09.284Z] <<< [apiv2][body] GET https://storage.googleapis.com/firemat-preview-drop/emulator/dataconnect-emulator-windows-v2.8.0 [stream]
[debug] [2025-07-14T13:48:10.059Z] <<< [apiv2][status] GET https://firebase.googleapis.com/v1beta1/projects 200
[debug] [2025-07-14T13:48:10.060Z] <<< [apiv2][body] GET https://firebase.googleapis.com/v1beta1/projects [omitted]
[debug] [2025-07-14T13:48:23.066Z] 'fdc build' failed with error: Unable to build your Data Connect schema and connectors (exit code 1): E0714 14:48:22.962242   28028 cmd.go:43] Error loading data connect config: could not find dataconnect.yaml in `d:\Projet\coton\air-quality-platform\dataconnect`
 {"metadata":{"emulator":{"name":"dataconnect"},"message":"'fdc build' failed with error: Unable to build your Data Connect schema and connectors (exit code 1): E0714 14:48:22.962242   28028 cmd.go:43] Error loading data connect config: could not find dataconnect.yaml in `d:\\Projet\\coton\\air-quality-platform\\dataconnect`\n"}}
[debug] [2025-07-14T13:48:23.069Z] Ignoring unsupported arg: auto_download {"metadata":{"emulator":{"name":"dataconnect"},"message":"Ignoring unsupported arg: auto_download"}}
[debug] [2025-07-14T13:48:23.070Z] Ignoring unsupported arg: port {"metadata":{"emulator":{"name":"dataconnect"},"message":"Ignoring unsupported arg: port"}}
[debug] [2025-07-14T13:48:23.070Z] Starting Data Connect Emulator with command {"binary":"C:\\Users\\DELL\\.cache\\firebase\\emulators\\dataconnect-emulator-2.8.0.exe","args":["--logtostderr","-v=2","dev","--listen=localhost:50001","--config_dir=d:\\Projet\\coton\\air-quality-platform\\dataconnect","--enable_output_schema_extensions=true","--enable_output_generated_sdk=true"],"optionalArgs":["listen","config_dir","enable_output_schema_extensions","enable_output_generated_sdk"],"joinArgs":true,"shell":false,"port":9399} {"metadata":{"emulator":{"name":"dataconnect"},"message":"Starting Data Connect Emulator with command {\"binary\":\"C:\\\\Users\\\\DELL\\\\.cache\\\\firebase\\\\emulators\\\\dataconnect-emulator-2.8.0.exe\",\"args\":[\"--logtostderr\",\"-v=2\",\"dev\",\"--listen=localhost:50001\",\"--config_dir=d:\\\\Projet\\\\coton\\\\air-quality-platform\\\\dataconnect\",\"--enable_output_schema_extensions=true\",\"--enable_output_generated_sdk=true\"],\"optionalArgs\":[\"listen\",\"config_dir\",\"enable_output_schema_extensions\",\"enable_output_generated_sdk\"],\"joinArgs\":true,\"shell\":false,\"port\":9399}"}}
[info] i  dataconnect: Data Connect Emulator logging to dataconnect-debug.log {"metadata":{"emulator":{"name":"dataconnect"},"message":"Data Connect Emulator logging to \u001b[1mdataconnect-debug.log\u001b[22m"}}
[debug] [2025-07-14T13:48:26.818Z] E0714 14:48:23.832422    3304 load.go:23] Could not load config from "d:\\Projet\\coton\\air-quality-platform\\dataconnect": could not find dataconnect.yaml in `d:\Projet\coton\air-quality-platform\dataconnect`
E0714 14:48:23.844997    3304 watch.go:76] watchAllDir unable to walk dir `d:\Projet\coton\air-quality-platform\dataconnect`: on path "d:\\Projet\\coton\\air-quality-platform\\dataconnect" (DirEntry: <nil>): CreateFile d:\Projet\coton\air-quality-platform\dataconnect: The system cannot find the file specified.
I0714 14:48:23.911785    3304 dev.go:95] Listening on address (HTTP + gRPC): 127.0.0.1:50001
 {"metadata":{"emulator":{"name":"dataconnect"},"message":"E0714 14:48:23.832422    3304 load.go:23] Could not load config from \"d:\\\\Projet\\\\coton\\\\air-quality-platform\\\\dataconnect\": could not find dataconnect.yaml in `d:\\Projet\\coton\\air-quality-platform\\dataconnect`\nE0714 14:48:23.844997    3304 watch.go:76] watchAllDir unable to walk dir `d:\\Projet\\coton\\air-quality-platform\\dataconnect`: on path \"d:\\\\Projet\\\\coton\\\\air-quality-platform\\\\dataconnect\" (DirEntry: <nil>): CreateFile d:\\Projet\\coton\\air-quality-platform\\dataconnect: The system cannot find the file specified.\nI0714 14:48:23.911785    3304 dev.go:95] Listening on address (HTTP + gRPC): 127.0.0.1:50001\n"}}
[error] [Firebase Plugin] error:  {}
[debug] [2025-07-14T13:48:33.850Z] E0714 14:48:33.849702    3304 load.go:23] Could not load config from "d:\\Projet\\coton\\air-quality-platform\\dataconnect": could not find dataconnect.yaml in `d:\Projet\coton\air-quality-platform\dataconnect`
 {"metadata":{"emulator":{"name":"dataconnect"},"message":"E0714 14:48:33.849702    3304 load.go:23] Could not load config from \"d:\\\\Projet\\\\coton\\\\air-quality-platform\\\\dataconnect\": could not find dataconnect.yaml in `d:\\Projet\\coton\\air-quality-platform\\dataconnect`\n"}}
[debug] [2025-07-14T13:48:43.847Z] E0714 14:48:43.846659    3304 load.go:23] Could not load config from "d:\\Projet\\coton\\air-quality-platform\\dataconnect": could not find dataconnect.yaml in `d:\Projet\coton\air-quality-platform\dataconnect`
 {"metadata":{"emulator":{"name":"dataconnect"},"message":"E0714 14:48:43.846659    3304 load.go:23] Could not load config from \"d:\\\\Projet\\\\coton\\\\air-quality-platform\\\\dataconnect\": could not find dataconnect.yaml in `d:\\Projet\\coton\\air-quality-platform\\dataconnect`\n"}}
[debug] [2025-07-14T13:48:53.848Z] E0714 14:48:53.847407    3304 load.go:23] Could not load config from "d:\\Projet\\coton\\air-quality-platform\\dataconnect": could not find dataconnect.yaml in `d:\Projet\coton\air-quality-platform\dataconnect`
 {"metadata":{"emulator":{"name":"dataconnect"},"message":"E0714 14:48:53.847407    3304 load.go:23] Could not load config from \"d:\\\\Projet\\\\coton\\\\air-quality-platform\\\\dataconnect\": could not find dataconnect.yaml in `d:\\Projet\\coton\\air-quality-platform\\dataconnect`\n"}}
[debug] [2025-07-14T13:49:03.847Z] E0714 14:49:03.846480    3304 load.go:23] Could not load config from "d:\\Projet\\coton\\air-quality-platform\\dataconnect": could not find dataconnect.yaml in `d:\Projet\coton\air-quality-platform\dataconnect`
 {"metadata":{"emulator":{"name":"dataconnect"},"message":"E0714 14:49:03.846480    3304 load.go:23] Could not load config from \"d:\\\\Projet\\\\coton\\\\air-quality-platform\\\\dataconnect\": could not find dataconnect.yaml in `d:\\Projet\\coton\\air-quality-platform\\dataconnect`\n"}}
[debug] [2025-07-14T13:49:13.849Z] E0714 14:49:13.847056    3304 load.go:23] Could not load config from "d:\\Projet\\coton\\air-quality-platform\\dataconnect": could not find dataconnect.yaml in `d:\Projet\coton\air-quality-platform\dataconnect`
 {"metadata":{"emulator":{"name":"dataconnect"},"message":"E0714 14:49:13.847056    3304 load.go:23] Could not load config from \"d:\\\\Projet\\\\coton\\\\air-quality-platform\\\\dataconnect\": could not find dataconnect.yaml in `d:\\Projet\\coton\\air-quality-platform\\dataconnect`\n"}}
[debug] [2025-07-14T13:49:23.848Z] E0714 14:49:23.847369    3304 load.go:23] Could not load config from "d:\\Projet\\coton\\air-quality-platform\\dataconnect": could not find dataconnect.yaml in `d:\Projet\coton\air-quality-platform\dataconnect`
 {"metadata":{"emulator":{"name":"dataconnect"},"message":"E0714 14:49:23.847369    3304 load.go:23] Could not load config from \"d:\\\\Projet\\\\coton\\\\air-quality-platform\\\\dataconnect\": could not find dataconnect.yaml in `d:\\Projet\\coton\\air-quality-platform\\dataconnect`\n"}}
[debug] [2025-07-14T13:49:33.847Z] E0714 14:49:33.846779    3304 load.go:23] Could not load config from "d:\\Projet\\coton\\air-quality-platform\\dataconnect": could not find dataconnect.yaml in `d:\Projet\coton\air-quality-platform\dataconnect`
 {"metadata":{"emulator":{"name":"dataconnect"},"message":"E0714 14:49:33.846779    3304 load.go:23] Could not load config from \"d:\\\\Projet\\\\coton\\\\air-quality-platform\\\\dataconnect\": could not find dataconnect.yaml in `d:\\Projet\\coton\\air-quality-platform\\dataconnect`\n"}}
[debug] [2025-07-14T13:49:43.848Z] E0714 14:49:43.847306    3304 load.go:23] Could not load config from "d:\\Projet\\coton\\air-quality-platform\\dataconnect": could not find dataconnect.yaml in `d:\Projet\coton\air-quality-platform\dataconnect`
 {"metadata":{"emulator":{"name":"dataconnect"},"message":"E0714 14:49:43.847306    3304 load.go:23] Could not load config from \"d:\\\\Projet\\\\coton\\\\air-quality-platform\\\\dataconnect\": could not find dataconnect.yaml in `d:\\Projet\\coton\\air-quality-platform\\dataconnect`\n"}}
[debug] [2025-07-14T13:49:53.857Z] E0714 14:49:53.857249    3304 load.go:23] Could not load config from "d:\\Projet\\coton\\air-quality-platform\\dataconnect": could not find dataconnect.yaml in `d:\Projet\coton\air-quality-platform\dataconnect`
 {"metadata":{"emulator":{"name":"dataconnect"},"message":"E0714 14:49:53.857249    3304 load.go:23] Could not load config from \"d:\\\\Projet\\\\coton\\\\air-quality-platform\\\\dataconnect\": could not find dataconnect.yaml in `d:\\Projet\\coton\\air-quality-platform\\dataconnect`\n"}}
[debug] [2025-07-14T13:50:03.846Z] E0714 14:50:03.846616    3304 load.go:23] Could not load config from "d:\\Projet\\coton\\air-quality-platform\\dataconnect": could not find dataconnect.yaml in `d:\Projet\coton\air-quality-platform\dataconnect`
 {"metadata":{"emulator":{"name":"dataconnect"},"message":"E0714 14:50:03.846616    3304 load.go:23] Could not load config from \"d:\\\\Projet\\\\coton\\\\air-quality-platform\\\\dataconnect\": could not find dataconnect.yaml in `d:\\Projet\\coton\\air-quality-platform\\dataconnect`\n"}}
[debug] [2025-07-14T13:50:13.846Z] E0714 14:50:13.846963    3304 load.go:23] Could not load config from "d:\\Projet\\coton\\air-quality-platform\\dataconnect": could not find dataconnect.yaml in `d:\Projet\coton\air-quality-platform\dataconnect`
 {"metadata":{"emulator":{"name":"dataconnect"},"message":"E0714 14:50:13.846963    3304 load.go:23] Could not load config from \"d:\\\\Projet\\\\coton\\\\air-quality-platform\\\\dataconnect\": could not find dataconnect.yaml in `d:\\Projet\\coton\\air-quality-platform\\dataconnect`\n"}}
[debug] [2025-07-14T13:50:23.865Z] E0714 14:50:23.847483    3304 load.go:23] Could not load config from "d:\\Projet\\coton\\air-quality-platform\\dataconnect": could not find dataconnect.yaml in `d:\Projet\coton\air-quality-platform\dataconnect`
E0714 14:50:23.848120    3304 watch.go:76] watchAllDir unable to walk dir `d:\Projet\coton\air-quality-platform\dataconnect`: on path "d:\\Projet\\coton\\air-quality-platform\\dataconnect" (DirEntry: <nil>): CreateFile d:\Projet\coton\air-quality-platform\dataconnect: The system cannot find the file specified.
 {"metadata":{"emulator":{"name":"dataconnect"},"message":"E0714 14:50:23.847483    3304 load.go:23] Could not load config from \"d:\\\\Projet\\\\coton\\\\air-quality-platform\\\\dataconnect\": could not find dataconnect.yaml in `d:\\Projet\\coton\\air-quality-platform\\dataconnect`\nE0714 14:50:23.848120    3304 watch.go:76] watchAllDir unable to walk dir `d:\\Projet\\coton\\air-quality-platform\\dataconnect`: on path \"d:\\\\Projet\\\\coton\\\\air-quality-platform\\\\dataconnect\" (DirEntry: <nil>): CreateFile d:\\Projet\\coton\\air-quality-platform\\dataconnect: The system cannot find the file specified.\n"}}
[debug] [2025-07-14T13:50:33.847Z] E0714 14:50:33.847136    3304 load.go:23] Could not load config from "d:\\Projet\\coton\\air-quality-platform\\dataconnect": could not find dataconnect.yaml in `d:\Projet\coton\air-quality-platform\dataconnect`
 {"metadata":{"emulator":{"name":"dataconnect"},"message":"E0714 14:50:33.847136    3304 load.go:23] Could not load config from \"d:\\\\Projet\\\\coton\\\\air-quality-platform\\\\dataconnect\": could not find dataconnect.yaml in `d:\\Projet\\coton\\air-quality-platform\\dataconnect`\n"}}
[debug] [2025-07-14T13:50:43.858Z] E0714 14:50:43.858365    3304 load.go:23] Could not load config from "d:\\Projet\\coton\\air-quality-platform\\dataconnect": could not find dataconnect.yaml in `d:\Projet\coton\air-quality-platform\dataconnect`
 {"metadata":{"emulator":{"name":"dataconnect"},"message":"E0714 14:50:43.858365    3304 load.go:23] Could not load config from \"d:\\\\Projet\\\\coton\\\\air-quality-platform\\\\dataconnect\": could not find dataconnect.yaml in `d:\\Projet\\coton\\air-quality-platform\\dataconnect`\n"}}
[debug] [2025-07-14T13:50:53.845Z] E0714 14:50:53.848073    3304 load.go:23] Could not load config from "d:\\Projet\\coton\\air-quality-platform\\dataconnect": could not find dataconnect.yaml in `d:\Projet\coton\air-quality-platform\dataconnect`
 {"metadata":{"emulator":{"name":"dataconnect"},"message":"E0714 14:50:53.848073    3304 load.go:23] Could not load config from \"d:\\\\Projet\\\\coton\\\\air-quality-platform\\\\dataconnect\": could not find dataconnect.yaml in `d:\\Projet\\coton\\air-quality-platform\\dataconnect`\n"}}
[debug] [2025-07-14T13:51:03.844Z] E0714 14:51:03.847072    3304 load.go:23] Could not load config from "d:\\Projet\\coton\\air-quality-platform\\dataconnect": could not find dataconnect.yaml in `d:\Projet\coton\air-quality-platform\dataconnect`
 {"metadata":{"emulator":{"name":"dataconnect"},"message":"E0714 14:51:03.847072    3304 load.go:23] Could not load config from \"d:\\\\Projet\\\\coton\\\\air-quality-platform\\\\dataconnect\": could not find dataconnect.yaml in `d:\\Projet\\coton\\air-quality-platform\\dataconnect`\n"}}
[debug] [2025-07-14T13:51:13.843Z] E0714 14:51:13.846964    3304 load.go:23] Could not load config from "d:\\Projet\\coton\\air-quality-platform\\dataconnect": could not find dataconnect.yaml in `d:\Projet\coton\air-quality-platform\dataconnect`
 {"metadata":{"emulator":{"name":"dataconnect"},"message":"E0714 14:51:13.846964    3304 load.go:23] Could not load config from \"d:\\\\Projet\\\\coton\\\\air-quality-platform\\\\dataconnect\": could not find dataconnect.yaml in `d:\\Projet\\coton\\air-quality-platform\\dataconnect`\n"}}
[debug] [2025-07-14T13:51:23.884Z] E0714 14:51:23.848211    3304 load.go:23] Could not load config from "d:\\Projet\\coton\\air-quality-platform\\dataconnect": could not find dataconnect.yaml in `d:\Projet\coton\air-quality-platform\dataconnect`
 {"metadata":{"emulator":{"name":"dataconnect"},"message":"E0714 14:51:23.848211    3304 load.go:23] Could not load config from \"d:\\\\Projet\\\\coton\\\\air-quality-platform\\\\dataconnect\": could not find dataconnect.yaml in `d:\\Projet\\coton\\air-quality-platform\\dataconnect`\n"}}
[debug] [2025-07-14T13:51:33.845Z] E0714 14:51:33.848464    3304 load.go:23] Could not load config from "d:\\Projet\\coton\\air-quality-platform\\dataconnect": could not find dataconnect.yaml in `d:\Projet\coton\air-quality-platform\dataconnect`
 {"metadata":{"emulator":{"name":"dataconnect"},"message":"E0714 14:51:33.848464    3304 load.go:23] Could not load config from \"d:\\\\Projet\\\\coton\\\\air-quality-platform\\\\dataconnect\": could not find dataconnect.yaml in `d:\\Projet\\coton\\air-quality-platform\\dataconnect`\n"}}
[debug] [2025-07-14T13:51:43.844Z] E0714 14:51:43.847831    3304 load.go:23] Could not load config from "d:\\Projet\\coton\\air-quality-platform\\dataconnect": could not find dataconnect.yaml in `d:\Projet\coton\air-quality-platform\dataconnect`
 {"metadata":{"emulator":{"name":"dataconnect"},"message":"E0714 14:51:43.847831    3304 load.go:23] Could not load config from \"d:\\\\Projet\\\\coton\\\\air-quality-platform\\\\dataconnect\": could not find dataconnect.yaml in `d:\\Projet\\coton\\air-quality-platform\\dataconnect`\n"}}
[debug] [2025-07-14T13:51:53.844Z] E0714 14:51:53.847120    3304 load.go:23] Could not load config from "d:\\Projet\\coton\\air-quality-platform\\dataconnect": could not find dataconnect.yaml in `d:\Projet\coton\air-quality-platform\dataconnect`
 {"metadata":{"emulator":{"name":"dataconnect"},"message":"E0714 14:51:53.847120    3304 load.go:23] Could not load config from \"d:\\\\Projet\\\\coton\\\\air-quality-platform\\\\dataconnect\": could not find dataconnect.yaml in `d:\\Projet\\coton\\air-quality-platform\\dataconnect`\n"}}
[debug] [2025-07-14T13:52:03.846Z] E0714 14:52:03.847820    3304 load.go:23] Could not load config from "d:\\Projet\\coton\\air-quality-platform\\dataconnect": could not find dataconnect.yaml in `d:\Projet\coton\air-quality-platform\dataconnect`
 {"metadata":{"emulator":{"name":"dataconnect"},"message":"E0714 14:52:03.847820    3304 load.go:23] Could not load config from \"d:\\\\Projet\\\\coton\\\\air-quality-platform\\\\dataconnect\": could not find dataconnect.yaml in `d:\\Projet\\coton\\air-quality-platform\\dataconnect`\n"}}
[debug] [2025-07-14T13:52:13.845Z] E0714 14:52:13.845873    3304 load.go:23] Could not load config from "d:\\Projet\\coton\\air-quality-platform\\dataconnect": could not find dataconnect.yaml in `d:\Projet\coton\air-quality-platform\dataconnect`
 {"metadata":{"emulator":{"name":"dataconnect"},"message":"E0714 14:52:13.845873    3304 load.go:23] Could not load config from \"d:\\\\Projet\\\\coton\\\\air-quality-platform\\\\dataconnect\": could not find dataconnect.yaml in `d:\\Projet\\coton\\air-quality-platform\\dataconnect`\n"}}
[debug] [2025-07-14T13:52:23.844Z] E0714 14:52:23.846842    3304 load.go:23] Could not load config from "d:\\Projet\\coton\\air-quality-platform\\dataconnect": could not find dataconnect.yaml in `d:\Projet\coton\air-quality-platform\dataconnect`
 {"metadata":{"emulator":{"name":"dataconnect"},"message":"E0714 14:52:23.846842    3304 load.go:23] Could not load config from \"d:\\\\Projet\\\\coton\\\\air-quality-platform\\\\dataconnect\": could not find dataconnect.yaml in `d:\\Projet\\coton\\air-quality-platform\\dataconnect`\n"}}
[debug] [2025-07-14T13:52:23.846Z] E0714 14:52:23.847422    3304 watch.go:76] watchAllDir unable to walk dir `d:\Projet\coton\air-quality-platform\dataconnect`: on path "d:\\Projet\\coton\\air-quality-platform\\dataconnect" (DirEntry: <nil>): CreateFile d:\Projet\coton\air-quality-platform\dataconnect: The system cannot find the file specified.
 {"metadata":{"emulator":{"name":"dataconnect"},"message":"E0714 14:52:23.847422    3304 watch.go:76] watchAllDir unable to walk dir `d:\\Projet\\coton\\air-quality-platform\\dataconnect`: on path \"d:\\\\Projet\\\\coton\\\\air-quality-platform\\\\dataconnect\" (DirEntry: <nil>): CreateFile d:\\Projet\\coton\\air-quality-platform\\dataconnect: The system cannot find the file specified.\n"}}
[debug] [2025-07-14T13:52:33.845Z] E0714 14:52:33.847115    3304 load.go:23] Could not load config from "d:\\Projet\\coton\\air-quality-platform\\dataconnect": could not find dataconnect.yaml in `d:\Projet\coton\air-quality-platform\dataconnect`
 {"metadata":{"emulator":{"name":"dataconnect"},"message":"E0714 14:52:33.847115    3304 load.go:23] Could not load config from \"d:\\\\Projet\\\\coton\\\\air-quality-platform\\\\dataconnect\": could not find dataconnect.yaml in `d:\\Projet\\coton\\air-quality-platform\\dataconnect`\n"}}
[debug] [2025-07-14T13:52:43.849Z] E0714 14:52:43.849911    3304 load.go:23] Could not load config from "d:\\Projet\\coton\\air-quality-platform\\dataconnect": could not find dataconnect.yaml in `d:\Projet\coton\air-quality-platform\dataconnect`
 {"metadata":{"emulator":{"name":"dataconnect"},"message":"E0714 14:52:43.849911    3304 load.go:23] Could not load config from \"d:\\\\Projet\\\\coton\\\\air-quality-platform\\\\dataconnect\": could not find dataconnect.yaml in `d:\\Projet\\coton\\air-quality-platform\\dataconnect`\n"}}
[debug] [2025-07-14T13:52:53.846Z] E0714 14:52:53.847170    3304 load.go:23] Could not load config from "d:\\Projet\\coton\\air-quality-platform\\dataconnect": could not find dataconnect.yaml in `d:\Projet\coton\air-quality-platform\dataconnect`
 {"metadata":{"emulator":{"name":"dataconnect"},"message":"E0714 14:52:53.847170    3304 load.go:23] Could not load config from \"d:\\\\Projet\\\\coton\\\\air-quality-platform\\\\dataconnect\": could not find dataconnect.yaml in `d:\\Projet\\coton\\air-quality-platform\\dataconnect`\n"}}
[debug] [2025-07-14T13:53:03.846Z] E0714 14:53:03.847319    3304 load.go:23] Could not load config from "d:\\Projet\\coton\\air-quality-platform\\dataconnect": could not find dataconnect.yaml in `d:\Projet\coton\air-quality-platform\dataconnect`
 {"metadata":{"emulator":{"name":"dataconnect"},"message":"E0714 14:53:03.847319    3304 load.go:23] Could not load config from \"d:\\\\Projet\\\\coton\\\\air-quality-platform\\\\dataconnect\": could not find dataconnect.yaml in `d:\\Projet\\coton\\air-quality-platform\\dataconnect`\n"}}
[debug] [2025-07-14T13:53:13.853Z] E0714 14:53:13.847355    3304 load.go:23] Could not load config from "d:\\Projet\\coton\\air-quality-platform\\dataconnect": could not find dataconnect.yaml in `d:\Projet\coton\air-quality-platform\dataconnect`
 {"metadata":{"emulator":{"name":"dataconnect"},"message":"E0714 14:53:13.847355    3304 load.go:23] Could not load config from \"d:\\\\Projet\\\\coton\\\\air-quality-platform\\\\dataconnect\": could not find dataconnect.yaml in `d:\\Projet\\coton\\air-quality-platform\\dataconnect`\n"}}
[debug] [2025-07-14T13:53:23.877Z] E0714 14:53:23.847250    3304 load.go:23] Could not load config from "d:\\Projet\\coton\\air-quality-platform\\dataconnect": could not find dataconnect.yaml in `d:\Projet\coton\air-quality-platform\dataconnect`
 {"metadata":{"emulator":{"name":"dataconnect"},"message":"E0714 14:53:23.847250    3304 load.go:23] Could not load config from \"d:\\\\Projet\\\\coton\\\\air-quality-platform\\\\dataconnect\": could not find dataconnect.yaml in `d:\\Projet\\coton\\air-quality-platform\\dataconnect`\n"}}
[debug] [2025-07-14T13:53:33.850Z] E0714 14:53:33.850846    3304 load.go:23] Could not load config from "d:\\Projet\\coton\\air-quality-platform\\dataconnect": could not find dataconnect.yaml in `d:\Projet\coton\air-quality-platform\dataconnect`
 {"metadata":{"emulator":{"name":"dataconnect"},"message":"E0714 14:53:33.850846    3304 load.go:23] Could not load config from \"d:\\\\Projet\\\\coton\\\\air-quality-platform\\\\dataconnect\": could not find dataconnect.yaml in `d:\\Projet\\coton\\air-quality-platform\\dataconnect`\n"}}
[debug] [2025-07-14T14:32:30.577Z] [Firebase Plugin] Activating Firebase extension.
[debug] [2025-07-14T14:32:35.799Z] [Firebase Plugin] requireAuthWrapper
[debug] [2025-07-14T14:32:35.804Z] > command requires scopes: ["email","openid","https://www.googleapis.com/auth/cloudplatformprojects.readonly","https://www.googleapis.com/auth/firebase","https://www.googleapis.com/auth/cloud-platform"]
[debug] [2025-07-14T14:32:35.806Z] > authorizing via signed-in user (qualitedelaircoton@gmail.com)
[debug] [2025-07-14T14:32:35.817Z] Checked if tokens are valid: true, expires at: 1752504488029
[debug] [2025-07-14T14:32:35.819Z] Checked if tokens are valid: true, expires at: 1752504488029
[debug] [2025-07-14T14:32:35.820Z] [Firebase Plugin] User found:  qualitedelaircoton@gmail.com
[info] [Firebase Plugin] (Core:Project) New user detected, fetching projects
[debug] [2025-07-14T14:32:35.825Z] Checked if tokens are valid: true, expires at: 1752504488029
[debug] [2025-07-14T14:32:35.829Z] >>> [apiv2][query] GET https://firebase.googleapis.com/v1beta1/projects pageSize=1000
[debug] [2025-07-14T14:32:35.868Z] [Firebase Plugin] VSCode notification server listening on port 40001
[info] [Firebase Plugin] Starting Data Connect toolkit (version 2.8.0) on port 50001
[debug] [2025-07-14T14:32:39.002Z] 'fdc build' failed with error: Unable to build your Data Connect schema and connectors (exit code 1): E0714 15:32:38.985563   16280 cmd.go:43] Error loading data connect config: could not find dataconnect.yaml in `d:\Projet\coton\air-quality-platform\dataconnect`
 {"metadata":{"emulator":{"name":"dataconnect"},"message":"'fdc build' failed with error: Unable to build your Data Connect schema and connectors (exit code 1): E0714 15:32:38.985563   16280 cmd.go:43] Error loading data connect config: could not find dataconnect.yaml in `d:\\Projet\\coton\\air-quality-platform\\dataconnect`\n"}}
[debug] [2025-07-14T14:32:39.005Z] Ignoring unsupported arg: auto_download {"metadata":{"emulator":{"name":"dataconnect"},"message":"Ignoring unsupported arg: auto_download"}}
[debug] [2025-07-14T14:32:39.006Z] Ignoring unsupported arg: port {"metadata":{"emulator":{"name":"dataconnect"},"message":"Ignoring unsupported arg: port"}}
[debug] [2025-07-14T14:32:39.007Z] Starting Data Connect Emulator with command {"binary":"C:\\Users\\DELL\\.cache\\firebase\\emulators\\dataconnect-emulator-2.8.0.exe","args":["--logtostderr","-v=2","dev","--listen=localhost:50001","--config_dir=d:\\Projet\\coton\\air-quality-platform\\dataconnect","--enable_output_schema_extensions=true","--enable_output_generated_sdk=true"],"optionalArgs":["listen","config_dir","enable_output_schema_extensions","enable_output_generated_sdk"],"joinArgs":true,"shell":false,"port":9399} {"metadata":{"emulator":{"name":"dataconnect"},"message":"Starting Data Connect Emulator with command {\"binary\":\"C:\\\\Users\\\\DELL\\\\.cache\\\\firebase\\\\emulators\\\\dataconnect-emulator-2.8.0.exe\",\"args\":[\"--logtostderr\",\"-v=2\",\"dev\",\"--listen=localhost:50001\",\"--config_dir=d:\\\\Projet\\\\coton\\\\air-quality-platform\\\\dataconnect\",\"--enable_output_schema_extensions=true\",\"--enable_output_generated_sdk=true\"],\"optionalArgs\":[\"listen\",\"config_dir\",\"enable_output_schema_extensions\",\"enable_output_generated_sdk\"],\"joinArgs\":true,\"shell\":false,\"port\":9399}"}}
[info] i  dataconnect: Data Connect Emulator logging to dataconnect-debug.log {"metadata":{"emulator":{"name":"dataconnect"},"message":"Data Connect Emulator logging to \u001b[1mdataconnect-debug.log\u001b[22m"}}
[debug] [2025-07-14T14:32:39.136Z] E0714 15:32:39.094079   22280 load.go:23] Could not load config from "d:\\Projet\\coton\\air-quality-platform\\dataconnect": could not find dataconnect.yaml in `d:\Projet\coton\air-quality-platform\dataconnect`
E0714 15:32:39.096843   22280 watch.go:76] watchAllDir unable to walk dir `d:\Projet\coton\air-quality-platform\dataconnect`: on path "d:\\Projet\\coton\\air-quality-platform\\dataconnect" (DirEntry: <nil>): CreateFile d:\Projet\coton\air-quality-platform\dataconnect: The system cannot find the file specified.
I0714 15:32:39.126595   22280 dev.go:95] Listening on address (HTTP + gRPC): 127.0.0.1:50001
 {"metadata":{"emulator":{"name":"dataconnect"},"message":"E0714 15:32:39.094079   22280 load.go:23] Could not load config from \"d:\\\\Projet\\\\coton\\\\air-quality-platform\\\\dataconnect\": could not find dataconnect.yaml in `d:\\Projet\\coton\\air-quality-platform\\dataconnect`\nE0714 15:32:39.096843   22280 watch.go:76] watchAllDir unable to walk dir `d:\\Projet\\coton\\air-quality-platform\\dataconnect`: on path \"d:\\\\Projet\\\\coton\\\\air-quality-platform\\\\dataconnect\" (DirEntry: <nil>): CreateFile d:\\Projet\\coton\\air-quality-platform\\dataconnect: The system cannot find the file specified.\nI0714 15:32:39.126595   22280 dev.go:95] Listening on address (HTTP + gRPC): 127.0.0.1:50001\n"}}
[debug] [2025-07-14T14:32:39.563Z] <<< [apiv2][status] GET https://firebase.googleapis.com/v1beta1/projects 200
[debug] [2025-07-14T14:32:39.564Z] <<< [apiv2][body] GET https://firebase.googleapis.com/v1beta1/projects [omitted]
[error] [Firebase Plugin] error:  {}
